<?xml version="1.0" encoding="UTF-8"?>
<!-- Generated by org.testng.reporters.JUnitReportReporter -->
<testsuite hostname="Kalyani" failures="0" tests="1" name="testcases.CarLoanTest" time="0.000" errors="0" timestamp="27 Apr 2023 04:59:43 GMT" skipped="0">
  <testcase classname="testcases.CarLoanTest" name="test3" time="0.000"/>
</testsuite> <!-- testcases.CarLoanTest -->
