<?xml version="1.0" encoding="UTF-8"?>
<!-- Generated by org.testng.reporters.JUnitReportReporter -->
<testsuite hostname="Kalyani" failures="0" tests="3" name="testcases.LoginTest" time="30.610" errors="0" timestamp="05 May 2023 05:03:42 GMT" skipped="0">
  <testcase classname="testcases.LoginTest" name="test2" time="9.949"/>
  <testcase classname="testcases.LoginTest" name="test4" time="9.972"/>
  <testcase classname="testcases.LoginTest" name="test1" time="10.689"/>
</testsuite> <!-- testcases.LoginTest -->
