<?xml version="1.0" encoding="UTF-8"?>
<!-- Generated by org.testng.reporters.JUnitReportReporter -->
<testsuite hostname="Kalyani" failures="0" tests="1" name="testcases.HomePageTest" time="0.004" errors="0" timestamp="28 Apr 2023 05:12:21 GMT" skipped="0">
  <testcase classname="testcases.HomePageTest" name="test3" time="0.004"/>
</testsuite> <!-- testcases.HomePageTest -->
